2023-01-04 06:00:45.339 [info] Extension host with pid 52396 started
2023-01-04 06:00:45.339 [info] Skipping acquiring lock for /var/www/.recon-ng/modules/recon/companies-domains/~/.vscode-root/User/workspaceStorage/f74e2eed965ee62a863c86cdc05ab8ab.
2023-01-04 06:00:45.398 [info] ExtensionService#_doActivateExtension vscode.microsoft-authentication, startup: false, activationEvent: 'onAuthenticationRequest:microsoft'
2023-01-04 06:00:45.399 [info] ExtensionService#_doActivateExtension vscode.git-base, startup: true, activationEvent: '*'
2023-01-04 06:00:45.582 [info] ExtensionService#_doActivateExtension vscode.github, startup: true, activationEvent: '*'
2023-01-04 06:00:45.612 [info] ExtensionService#_doActivateExtension vscode.github-authentication, startup: false, activationEvent: 'onAuthenticationRequest:github'
2023-01-04 06:00:45.816 [info] Eager extensions activated
2023-01-04 06:00:45.819 [info] ExtensionService#_doActivateExtension vscode.debug-auto-launch, startup: false, activationEvent: 'onStartupFinished'
2023-01-04 06:00:45.819 [info] ExtensionService#_doActivateExtension vscode.emmet, startup: false, activationEvent: 'onStartupFinished'
2023-01-04 06:00:45.822 [info] ExtensionService#_doActivateExtension vscode.merge-conflict, startup: false, activationEvent: 'onStartupFinished'
2023-01-04 06:00:50.469 [info] ExtensionService#_doActivateExtension vscode.git, startup: false, activationEvent: 'api', root cause: vscode.github
2023-01-04 06:00:50.565 [info] ExtensionService#_doActivateExtension be5invis.vscode-custom-css, startup: false, activationEvent: '*'
2023-01-04 06:00:50.664 [info] ExtensionService#_doActivateExtension ms-python.python, startup: false, activationEvent: 'workspaceContains:*.py', root cause: ms-python.isort
2023-01-04 06:00:50.955 [warning] [Decorations] CAPPING events from decorations provider vscode.git 381
2023-01-04 06:00:51.015 [warning] [Decorations] CAPPING events from decorations provider vscode.git 383
2023-01-04 06:00:51.267 [info] ExtensionService#_doActivateExtension ms-python.isort, startup: false, activationEvent: 'workspaceContains:*.py'
2023-01-04 06:00:53.950 [info] ExtensionService#_doActivateExtension ms-python.vscode-pylance, startup: false, activationEvent: 'onLanguage:python'
2023-01-04 06:00:53.950 [info] ExtensionService#_doActivateExtension ms-toolsai.jupyter, startup: false, activationEvent: 'onLanguage:python'
2023-01-04 06:00:55.182 [info] ExtensionService#_doActivateExtension ms-toolsai.jupyter-renderers, startup: false, activationEvent: 'api', root cause: ms-toolsai.jupyter
2023-01-04 06:00:56.226 [warning] [Decorations] CAPPING events from decorations provider vscode.git 447
2023-01-04 06:01:06.610 [warning] [Decorations] CAPPING events from decorations provider vscode.git 519
2023-01-04 06:01:11.667 [warning] [Decorations] CAPPING events from decorations provider vscode.git 523
2023-01-04 06:01:16.703 [warning] [Decorations] CAPPING events from decorations provider vscode.git 523
2023-01-04 06:01:21.742 [warning] [Decorations] CAPPING events from decorations provider vscode.git 523
2023-01-04 06:01:26.778 [warning] [Decorations] CAPPING events from decorations provider vscode.git 523
2023-01-04 06:01:31.824 [warning] [Decorations] CAPPING events from decorations provider vscode.git 523
2023-01-04 06:01:36.862 [warning] [Decorations] CAPPING events from decorations provider vscode.git 524
2023-01-04 06:01:41.900 [warning] [Decorations] CAPPING events from decorations provider vscode.git 523
2023-01-04 06:01:46.938 [warning] [Decorations] CAPPING events from decorations provider vscode.git 523
2023-01-04 06:01:51.977 [warning] [Decorations] CAPPING events from decorations provider vscode.git 523
2023-01-04 06:01:57.033 [warning] [Decorations] CAPPING events from decorations provider vscode.git 523
2023-01-04 06:02:02.069 [warning] [Decorations] CAPPING events from decorations provider vscode.git 523
2023-01-04 06:02:07.111 [warning] [Decorations] CAPPING events from decorations provider vscode.git 523
2023-01-04 06:02:12.148 [warning] [Decorations] CAPPING events from decorations provider vscode.git 523
2023-01-04 06:02:17.185 [warning] [Decorations] CAPPING events from decorations provider vscode.git 523
2023-01-04 06:02:22.224 [warning] [Decorations] CAPPING events from decorations provider vscode.git 523
2023-01-04 06:02:27.261 [warning] [Decorations] CAPPING events from decorations provider vscode.git 523
2023-01-04 06:02:32.297 [warning] [Decorations] CAPPING events from decorations provider vscode.git 523
2023-01-04 06:02:37.337 [warning] [Decorations] CAPPING events from decorations provider vscode.git 523
2023-01-04 06:02:42.377 [warning] [Decorations] CAPPING events from decorations provider vscode.git 523
2023-01-04 06:02:47.411 [warning] [Decorations] CAPPING events from decorations provider vscode.git 523
2023-01-04 06:02:52.448 [warning] [Decorations] CAPPING events from decorations provider vscode.git 523
2023-01-04 06:02:57.483 [warning] [Decorations] CAPPING events from decorations provider vscode.git 523
2023-01-04 06:03:02.520 [warning] [Decorations] CAPPING events from decorations provider vscode.git 523
2023-01-04 06:03:07.573 [warning] [Decorations] CAPPING events from decorations provider vscode.git 523
2023-01-04 06:03:12.613 [warning] [Decorations] CAPPING events from decorations provider vscode.git 523
2023-01-04 06:03:17.651 [warning] [Decorations] CAPPING events from decorations provider vscode.git 523
2023-01-04 06:03:22.688 [warning] [Decorations] CAPPING events from decorations provider vscode.git 523
2023-01-04 06:03:27.725 [warning] [Decorations] CAPPING events from decorations provider vscode.git 523
2023-01-04 06:03:32.768 [warning] [Decorations] CAPPING events from decorations provider vscode.git 523
2023-01-04 06:04:09.314 [warning] [Decorations] CAPPING events from decorations provider vscode.git 524
2023-01-04 06:04:42.944 [warning] [Decorations] CAPPING events from decorations provider vscode.git 524
2023-01-04 06:04:44.189 [info] Extension host terminating: received terminate message from renderer
2023-01-04 06:04:44.229 [info] Extension host with pid 52396 exiting with code 0
