2023-01-04 06:00:50.886 [info] Log level: Info
2023-01-04 06:00:50.886 [info] Validating found git in: "git"
2023-01-04 06:00:50.886 [info] Using git "2.35.1" from "git"
2023-01-04 06:00:50.886 [info] > git rev-parse --show-toplevel [3ms]
2023-01-04 06:00:50.886 [info] > git rev-parse --git-dir --git-common-dir [7ms]
2023-01-04 06:00:50.886 [info] Open repository: /var/www/.recon-ng
2023-01-04 06:00:50.894 [info] > git rev-parse --show-toplevel [231ms]
2023-01-04 06:00:50.920 [info] > git config --get commit.template [28ms]
2023-01-04 06:00:50.930 [info] > git for-each-ref --format=%(refname)%00%(upstream:short)%00%(objectname)%00%(upstream:track)%00%(upstream:remotename)%00%(upstream:remoteref) refs/heads/master refs/remotes/master [4ms]
2023-01-04 06:00:50.943 [info] > git status -z -uall [8ms]
2023-01-04 06:00:50.943 [info] > git for-each-ref --sort -committerdate --format %(refname) %(objectname) %(*objectname) [4ms]
2023-01-04 06:00:50.987 [info] > git config --get commit.template [6ms]
2023-01-04 06:00:50.996 [info] > git for-each-ref --format=%(refname)%00%(upstream:short)%00%(objectname)%00%(upstream:track)%00%(upstream:remotename)%00%(upstream:remoteref) refs/heads/master refs/remotes/master [3ms]
2023-01-04 06:00:51.007 [info] > git status -z -uall [7ms]
2023-01-04 06:00:51.011 [info] > git for-each-ref --sort -committerdate --format %(refname) %(objectname) %(*objectname) [7ms]
2023-01-04 06:00:51.410 [info] > git check-ignore -v -z --stdin [3ms]
2023-01-04 06:00:55.198 [info] > git show --textconv :modules/recon/companies-domains/companies_articles.py [27ms]
2023-01-04 06:00:55.219 [info] > git ls-files --stage -- /var/www/.recon-ng/modules/recon/companies-domains/companies_articles.py [38ms]
2023-01-04 06:00:56.185 [info] > git config --get commit.template [11ms]
2023-01-04 06:00:56.186 [info] > git for-each-ref --format=%(refname)%00%(upstream:short)%00%(objectname)%00%(upstream:track)%00%(upstream:remotename)%00%(upstream:remoteref) refs/heads/master refs/remotes/master [3ms]
2023-01-04 06:00:56.208 [info] > git status -z -uall [14ms]
2023-01-04 06:00:56.219 [info] > git for-each-ref --sort -committerdate --format %(refname) %(objectname) %(*objectname) [12ms]
2023-01-04 06:01:06.573 [info] > git config --get commit.template [6ms]
2023-01-04 06:01:06.584 [info] > git for-each-ref --format=%(refname)%00%(upstream:short)%00%(objectname)%00%(upstream:track)%00%(upstream:remotename)%00%(upstream:remoteref) refs/heads/master refs/remotes/master [3ms]
2023-01-04 06:01:06.600 [info] > git status -z -uall [9ms]
2023-01-04 06:01:06.604 [info] > git for-each-ref --sort -committerdate --format %(refname) %(objectname) %(*objectname) [5ms]
2023-01-04 06:01:11.636 [info] > git config --get commit.template [13ms]
2023-01-04 06:01:11.637 [info] > git for-each-ref --format=%(refname)%00%(upstream:short)%00%(objectname)%00%(upstream:track)%00%(upstream:remotename)%00%(upstream:remoteref) refs/heads/master refs/remotes/master [2ms]
2023-01-04 06:01:11.653 [info] > git status -z -uall [8ms]
2023-01-04 06:01:11.659 [info] > git for-each-ref --sort -committerdate --format %(refname) %(objectname) %(*objectname) [7ms]
2023-01-04 06:01:16.683 [info] > git config --get commit.template [7ms]
2023-01-04 06:01:16.683 [info] > git for-each-ref --format=%(refname)%00%(upstream:short)%00%(objectname)%00%(upstream:track)%00%(upstream:remotename)%00%(upstream:remoteref) refs/heads/master refs/remotes/master [2ms]
2023-01-04 06:01:16.696 [info] > git status -z -uall [6ms]
2023-01-04 06:01:16.699 [info] > git for-each-ref --sort -committerdate --format %(refname) %(objectname) %(*objectname) [5ms]
2023-01-04 06:01:21.720 [info] > git config --get commit.template [7ms]
2023-01-04 06:01:21.721 [info] > git for-each-ref --format=%(refname)%00%(upstream:short)%00%(objectname)%00%(upstream:track)%00%(upstream:remotename)%00%(upstream:remoteref) refs/heads/master refs/remotes/master [2ms]
2023-01-04 06:01:21.734 [info] > git status -z -uall [7ms]
2023-01-04 06:01:21.734 [info] > git for-each-ref --sort -committerdate --format %(refname) %(objectname) %(*objectname) [3ms]
2023-01-04 06:01:26.757 [info] > git config --get commit.template [7ms]
2023-01-04 06:01:26.758 [info] > git for-each-ref --format=%(refname)%00%(upstream:short)%00%(objectname)%00%(upstream:track)%00%(upstream:remotename)%00%(upstream:remoteref) refs/heads/master refs/remotes/master [2ms]
2023-01-04 06:01:26.771 [info] > git status -z -uall [7ms]
2023-01-04 06:01:26.771 [info] > git for-each-ref --sort -committerdate --format %(refname) %(objectname) %(*objectname) [2ms]
2023-01-04 06:01:31.801 [info] > git config --get commit.template [11ms]
2023-01-04 06:01:31.802 [info] > git for-each-ref --format=%(refname)%00%(upstream:short)%00%(objectname)%00%(upstream:track)%00%(upstream:remotename)%00%(upstream:remoteref) refs/heads/master refs/remotes/master [3ms]
2023-01-04 06:01:31.817 [info] > git status -z -uall [7ms]
2023-01-04 06:01:31.819 [info] > git for-each-ref --sort -committerdate --format %(refname) %(objectname) %(*objectname) [3ms]
2023-01-04 06:01:36.840 [info] > git config --get commit.template [8ms]
2023-01-04 06:01:36.841 [info] > git for-each-ref --format=%(refname)%00%(upstream:short)%00%(objectname)%00%(upstream:track)%00%(upstream:remotename)%00%(upstream:remoteref) refs/heads/master refs/remotes/master [2ms]
2023-01-04 06:01:36.854 [info] > git status -z -uall [7ms]
2023-01-04 06:01:36.855 [info] > git for-each-ref --sort -committerdate --format %(refname) %(objectname) %(*objectname) [2ms]
2023-01-04 06:01:41.879 [info] > git config --get commit.template [8ms]
2023-01-04 06:01:41.880 [info] > git for-each-ref --format=%(refname)%00%(upstream:short)%00%(objectname)%00%(upstream:track)%00%(upstream:remotename)%00%(upstream:remoteref) refs/heads/master refs/remotes/master [3ms]
2023-01-04 06:01:41.892 [info] > git status -z -uall [6ms]
2023-01-04 06:01:41.894 [info] > git for-each-ref --sort -committerdate --format %(refname) %(objectname) %(*objectname) [3ms]
2023-01-04 06:01:46.917 [info] > git config --get commit.template [8ms]
2023-01-04 06:01:46.918 [info] > git for-each-ref --format=%(refname)%00%(upstream:short)%00%(objectname)%00%(upstream:track)%00%(upstream:remotename)%00%(upstream:remoteref) refs/heads/master refs/remotes/master [2ms]
2023-01-04 06:01:46.931 [info] > git status -z -uall [7ms]
2023-01-04 06:01:46.934 [info] > git for-each-ref --sort -committerdate --format %(refname) %(objectname) %(*objectname) [4ms]
2023-01-04 06:01:51.956 [info] > git config --get commit.template [8ms]
2023-01-04 06:01:51.957 [info] > git for-each-ref --format=%(refname)%00%(upstream:short)%00%(objectname)%00%(upstream:track)%00%(upstream:remotename)%00%(upstream:remoteref) refs/heads/master refs/remotes/master [1ms]
2023-01-04 06:01:51.969 [info] > git status -z -uall [6ms]
2023-01-04 06:01:51.972 [info] > git for-each-ref --sort -committerdate --format %(refname) %(objectname) %(*objectname) [4ms]
2023-01-04 06:01:57.000 [info] > git config --get commit.template [11ms]
2023-01-04 06:01:57.002 [info] > git for-each-ref --format=%(refname)%00%(upstream:short)%00%(objectname)%00%(upstream:track)%00%(upstream:remotename)%00%(upstream:remoteref) refs/heads/master refs/remotes/master [2ms]
2023-01-04 06:01:57.023 [info] > git status -z -uall [11ms]
2023-01-04 06:01:57.027 [info] > git for-each-ref --sort -committerdate --format %(refname) %(objectname) %(*objectname) [5ms]
2023-01-04 06:02:02.049 [info] > git config --get commit.template [7ms]
2023-01-04 06:02:02.050 [info] > git for-each-ref --format=%(refname)%00%(upstream:short)%00%(objectname)%00%(upstream:track)%00%(upstream:remotename)%00%(upstream:remoteref) refs/heads/master refs/remotes/master [2ms]
2023-01-04 06:02:02.062 [info] > git status -z -uall [6ms]
2023-01-04 06:02:02.065 [info] > git for-each-ref --sort -committerdate --format %(refname) %(objectname) %(*objectname) [3ms]
2023-01-04 06:02:07.086 [info] > git config --get commit.template [7ms]
2023-01-04 06:02:07.088 [info] > git for-each-ref --format=%(refname)%00%(upstream:short)%00%(objectname)%00%(upstream:track)%00%(upstream:remotename)%00%(upstream:remoteref) refs/heads/master refs/remotes/master [3ms]
2023-01-04 06:02:07.103 [info] > git status -z -uall [7ms]
2023-01-04 06:02:07.106 [info] > git for-each-ref --sort -committerdate --format %(refname) %(objectname) %(*objectname) [3ms]
2023-01-04 06:02:12.129 [info] > git config --get commit.template [7ms]
2023-01-04 06:02:12.130 [info] > git for-each-ref --format=%(refname)%00%(upstream:short)%00%(objectname)%00%(upstream:track)%00%(upstream:remotename)%00%(upstream:remoteref) refs/heads/master refs/remotes/master [2ms]
2023-01-04 06:02:12.142 [info] > git status -z -uall [7ms]
2023-01-04 06:02:12.144 [info] > git for-each-ref --sort -committerdate --format %(refname) %(objectname) %(*objectname) [3ms]
2023-01-04 06:02:17.165 [info] > git config --get commit.template [7ms]
2023-01-04 06:02:17.167 [info] > git for-each-ref --format=%(refname)%00%(upstream:short)%00%(objectname)%00%(upstream:track)%00%(upstream:remotename)%00%(upstream:remoteref) refs/heads/master refs/remotes/master [1ms]
2023-01-04 06:02:17.179 [info] > git status -z -uall [7ms]
2023-01-04 06:02:17.181 [info] > git for-each-ref --sort -committerdate --format %(refname) %(objectname) %(*objectname) [3ms]
2023-01-04 06:02:22.202 [info] > git config --get commit.template [7ms]
2023-01-04 06:02:22.204 [info] > git for-each-ref --format=%(refname)%00%(upstream:short)%00%(objectname)%00%(upstream:track)%00%(upstream:remotename)%00%(upstream:remoteref) refs/heads/master refs/remotes/master [3ms]
2023-01-04 06:02:22.216 [info] > git status -z -uall [6ms]
2023-01-04 06:02:22.219 [info] > git for-each-ref --sort -committerdate --format %(refname) %(objectname) %(*objectname) [4ms]
2023-01-04 06:02:27.240 [info] > git config --get commit.template [6ms]
2023-01-04 06:02:27.241 [info] > git for-each-ref --format=%(refname)%00%(upstream:short)%00%(objectname)%00%(upstream:track)%00%(upstream:remotename)%00%(upstream:remoteref) refs/heads/master refs/remotes/master [2ms]
2023-01-04 06:02:27.254 [info] > git status -z -uall [6ms]
2023-01-04 06:02:27.256 [info] > git for-each-ref --sort -committerdate --format %(refname) %(objectname) %(*objectname) [3ms]
2023-01-04 06:02:32.276 [info] > git config --get commit.template [7ms]
2023-01-04 06:02:32.278 [info] > git for-each-ref --format=%(refname)%00%(upstream:short)%00%(objectname)%00%(upstream:track)%00%(upstream:remotename)%00%(upstream:remoteref) refs/heads/master refs/remotes/master [3ms]
2023-01-04 06:02:32.291 [info] > git status -z -uall [8ms]
2023-01-04 06:02:32.293 [info] > git for-each-ref --sort -committerdate --format %(refname) %(objectname) %(*objectname) [3ms]
2023-01-04 06:02:37.316 [info] > git config --get commit.template [9ms]
2023-01-04 06:02:37.317 [info] > git for-each-ref --format=%(refname)%00%(upstream:short)%00%(objectname)%00%(upstream:track)%00%(upstream:remotename)%00%(upstream:remoteref) refs/heads/master refs/remotes/master [2ms]
2023-01-04 06:02:37.331 [info] > git status -z -uall [7ms]
2023-01-04 06:02:37.333 [info] > git for-each-ref --sort -committerdate --format %(refname) %(objectname) %(*objectname) [4ms]
2023-01-04 06:02:42.355 [info] > git config --get commit.template [6ms]
2023-01-04 06:02:42.356 [info] > git for-each-ref --format=%(refname)%00%(upstream:short)%00%(objectname)%00%(upstream:track)%00%(upstream:remotename)%00%(upstream:remoteref) refs/heads/master refs/remotes/master [2ms]
2023-01-04 06:02:42.369 [info] > git status -z -uall [7ms]
2023-01-04 06:02:42.372 [info] > git for-each-ref --sort -committerdate --format %(refname) %(objectname) %(*objectname) [4ms]
2023-01-04 06:02:47.392 [info] > git config --get commit.template [7ms]
2023-01-04 06:02:47.393 [info] > git for-each-ref --format=%(refname)%00%(upstream:short)%00%(objectname)%00%(upstream:track)%00%(upstream:remotename)%00%(upstream:remoteref) refs/heads/master refs/remotes/master [2ms]
2023-01-04 06:02:47.406 [info] > git status -z -uall [7ms]
2023-01-04 06:02:47.406 [info] > git for-each-ref --sort -committerdate --format %(refname) %(objectname) %(*objectname) [2ms]
2023-01-04 06:02:52.429 [info] > git config --get commit.template [8ms]
2023-01-04 06:02:52.430 [info] > git for-each-ref --format=%(refname)%00%(upstream:short)%00%(objectname)%00%(upstream:track)%00%(upstream:remotename)%00%(upstream:remoteref) refs/heads/master refs/remotes/master [2ms]
2023-01-04 06:02:52.442 [info] > git status -z -uall [6ms]
2023-01-04 06:02:52.444 [info] > git for-each-ref --sort -committerdate --format %(refname) %(objectname) %(*objectname) [3ms]
2023-01-04 06:02:57.464 [info] > git config --get commit.template [8ms]
2023-01-04 06:02:57.465 [info] > git for-each-ref --format=%(refname)%00%(upstream:short)%00%(objectname)%00%(upstream:track)%00%(upstream:remotename)%00%(upstream:remoteref) refs/heads/master refs/remotes/master [2ms]
2023-01-04 06:02:57.477 [info] > git status -z -uall [6ms]
2023-01-04 06:02:57.479 [info] > git for-each-ref --sort -committerdate --format %(refname) %(objectname) %(*objectname) [3ms]
2023-01-04 06:03:02.501 [info] > git config --get commit.template [7ms]
2023-01-04 06:03:02.502 [info] > git for-each-ref --format=%(refname)%00%(upstream:short)%00%(objectname)%00%(upstream:track)%00%(upstream:remotename)%00%(upstream:remoteref) refs/heads/master refs/remotes/master [2ms]
2023-01-04 06:03:02.514 [info] > git status -z -uall [7ms]
2023-01-04 06:03:02.516 [info] > git for-each-ref --sort -committerdate --format %(refname) %(objectname) %(*objectname) [4ms]
2023-01-04 06:03:07.538 [info] > git config --get commit.template [8ms]
2023-01-04 06:03:07.540 [info] > git for-each-ref --format=%(refname)%00%(upstream:short)%00%(objectname)%00%(upstream:track)%00%(upstream:remotename)%00%(upstream:remoteref) refs/heads/master refs/remotes/master [3ms]
2023-01-04 06:03:07.563 [info] > git for-each-ref --sort -committerdate --format %(refname) %(objectname) %(*objectname) [4ms]
2023-01-04 06:03:07.564 [info] > git status -z -uall [12ms]
2023-01-04 06:03:12.591 [info] > git config --get commit.template [7ms]
2023-01-04 06:03:12.593 [info] > git for-each-ref --format=%(refname)%00%(upstream:short)%00%(objectname)%00%(upstream:track)%00%(upstream:remotename)%00%(upstream:remoteref) refs/heads/master refs/remotes/master [2ms]
2023-01-04 06:03:12.606 [info] > git status -z -uall [7ms]
2023-01-04 06:03:12.608 [info] > git for-each-ref --sort -committerdate --format %(refname) %(objectname) %(*objectname) [4ms]
2023-01-04 06:03:17.630 [info] > git config --get commit.template [8ms]
2023-01-04 06:03:17.632 [info] > git for-each-ref --format=%(refname)%00%(upstream:short)%00%(objectname)%00%(upstream:track)%00%(upstream:remotename)%00%(upstream:remoteref) refs/heads/master refs/remotes/master [2ms]
2023-01-04 06:03:17.645 [info] > git status -z -uall [7ms]
2023-01-04 06:03:17.647 [info] > git for-each-ref --sort -committerdate --format %(refname) %(objectname) %(*objectname) [3ms]
2023-01-04 06:03:22.668 [info] > git config --get commit.template [6ms]
2023-01-04 06:03:22.670 [info] > git for-each-ref --format=%(refname)%00%(upstream:short)%00%(objectname)%00%(upstream:track)%00%(upstream:remotename)%00%(upstream:remoteref) refs/heads/master refs/remotes/master [2ms]
2023-01-04 06:03:22.682 [info] > git status -z -uall [6ms]
2023-01-04 06:03:22.684 [info] > git for-each-ref --sort -committerdate --format %(refname) %(objectname) %(*objectname) [3ms]
2023-01-04 06:03:27.705 [info] > git config --get commit.template [8ms]
2023-01-04 06:03:27.707 [info] > git for-each-ref --format=%(refname)%00%(upstream:short)%00%(objectname)%00%(upstream:track)%00%(upstream:remotename)%00%(upstream:remoteref) refs/heads/master refs/remotes/master [3ms]
2023-01-04 06:03:27.719 [info] > git status -z -uall [6ms]
2023-01-04 06:03:27.721 [info] > git for-each-ref --sort -committerdate --format %(refname) %(objectname) %(*objectname) [3ms]
2023-01-04 06:03:32.739 [info] > git config --get commit.template [4ms]
2023-01-04 06:03:32.749 [info] > git for-each-ref --format=%(refname)%00%(upstream:short)%00%(objectname)%00%(upstream:track)%00%(upstream:remotename)%00%(upstream:remoteref) refs/heads/master refs/remotes/master [2ms]
2023-01-04 06:03:32.761 [info] > git status -z -uall [7ms]
2023-01-04 06:03:32.763 [info] > git for-each-ref --sort -committerdate --format %(refname) %(objectname) %(*objectname) [4ms]
2023-01-04 06:04:09.293 [info] > git config --get commit.template [8ms]
2023-01-04 06:04:09.294 [info] > git for-each-ref --format=%(refname)%00%(upstream:short)%00%(objectname)%00%(upstream:track)%00%(upstream:remotename)%00%(upstream:remoteref) refs/heads/master refs/remotes/master [2ms]
2023-01-04 06:04:09.307 [info] > git status -z -uall [7ms]
2023-01-04 06:04:09.310 [info] > git for-each-ref --sort -committerdate --format %(refname) %(objectname) %(*objectname) [4ms]
2023-01-04 06:04:42.920 [info] > git config --get commit.template [7ms]
2023-01-04 06:04:42.921 [info] > git for-each-ref --format=%(refname)%00%(upstream:short)%00%(objectname)%00%(upstream:track)%00%(upstream:remotename)%00%(upstream:remoteref) refs/heads/master refs/remotes/master [2ms]
2023-01-04 06:04:42.934 [info] > git status -z -uall [6ms]
2023-01-04 06:04:42.937 [info] > git for-each-ref --sort -committerdate --format %(refname) %(objectname) %(*objectname) [5ms]
