Name: isort
Module: isort
Python extension loading
Waiting for interpreter from python extension.
Python extension loaded
CWD Server: /var/www/.recon-ng/modules/recon/companies-domains
sys.path used to run Server:
   /root/.vscode/extensions/ms-python.isort-2022.8.0/bundled/libs
   /root/.vscode/extensions/ms-python.isort-2022.8.0/bundled/tool
   /usr/lib/python310.zip
   /usr/lib/python3.10
   /usr/lib/python3.10/lib-dynload
   /usr/local/lib/python3.10/dist-packages
   /usr/lib/python3/dist-packages
Settings used to run Server:
[
    {
        "check": false,
        "workspace": "file:///var/www/.recon-ng/modules/recon/companies-domains",
        "logLevel": "error",
        "args": [],
        "severity": {
            "W": "Warning",
            "E": "Hint"
        },
        "path": [],
        "interpreter": [
            "/usr/bin/python"
        ],
        "importStrategy": "useBundled",
        "showNotifications": "off"
    }
]

/usr/bin/python -m isort --version-number
CWD Linter: /var/www/.recon-ng/modules/recon/companies-domains
Version info for isort running for /var/www/.recon-ng/modules/recon/companies-domains:
5.10.1

SUPPORTED isort>=5.10.1
FOUND isort==5.10.1

